/*C3*/SET SCHEMA PUBLIC
DISCONNECT
/*C6*/SET SCHEMA PUBLIC
DISCONNECT
/*C15*/SET SCHEMA PUBLIC
DELETE FROM POSTS WHERE POST_ID='EVE001'
INSERT INTO POSTS VALUES('EVE001','Birthday','Birthday party','S1','OPEN','House','01/05/2020',30,0,0.0E0,0.0E0,0.0E0,0.0E0,0.0E0,'Images/No_image_available.jpg')
COMMIT
/*C16*/SET SCHEMA PUBLIC
DELETE FROM POSTS WHERE POST_ID='EVE001'
INSERT INTO POSTS VALUES('EVE001','Birthday','Birthday party','S1','OPEN','House','01/05/2020',30,0,0.0E0,0.0E0,0.0E0,0.0E0,0.0E0,'Images/No_image_available.jpg')
COMMIT
/*C22*/SET SCHEMA PUBLIC
DELETE FROM POSTS WHERE POST_ID='EVE001'
INSERT INTO POSTS VALUES('EVE001','Birthday','Birthday party','S1','CLOSED','House','01/05/2020',30,0,0.0E0,0.0E0,0.0E0,0.0E0,0.0E0,'Images/No_image_available.jpg')
COMMIT
/*C28*/SET SCHEMA PUBLIC
DELETE FROM POSTS WHERE POST_ID='EVE001'
COMMIT
/*C33*/SET SCHEMA PUBLIC
DELETE FROM POSTS WHERE POST_ID='JOB001'
INSERT INTO POSTS VALUES('JOB001','Painting','Paint a new House','S3','OPEN','','',0,0,15623.0E0,1200.0E0,0.0E0,0.0E0,0.0E0,'Images/painting.jpg')
COMMIT
/*C34*/SET SCHEMA PUBLIC
INSERT INTO REPLIES VALUES('JOB001',1200.0E0,'S1')
COMMIT
/*C38*/SET SCHEMA PUBLIC
DISCONNECT
/*C47*/SET SCHEMA PUBLIC
INSERT INTO REPLIES VALUES('SAL001',15000.0E0,'S3')
COMMIT
/*C46*/SET SCHEMA PUBLIC
DELETE FROM POSTS WHERE POST_ID='SAL001'
INSERT INTO POSTS VALUES('SAL001','Laptop','Laptop for Sale','S5','OPEN','','',0,0,0.0E0,0.0E0,25000.0E0,15000.0E0,1000.0E0,'Images/laptop.jpg')
COMMIT
/*C51*/SET SCHEMA PUBLIC
DISCONNECT
/*C64*/SET SCHEMA PUBLIC
DELETE FROM POSTS WHERE POST_ID='SAL001'
INSERT INTO POSTS VALUES('SAL001','Laptop','Laptop for Sale','S5','CLOSED','','',0,0,0.0E0,0.0E0,25000.0E0,15000.0E0,1000.0E0,'Images/laptop.jpg')
COMMIT
/*C87*/SET SCHEMA PUBLIC
INSERT INTO POSTS VALUES('EVE003','carwash','carwasjh','S5','OPEN','rmit','12/03/2020',20,0,0.0E0,0.0E0,0.0E0,0.0E0,0.0E0,'../../Images/event.jpg')
COMMIT
/*C94*/SET SCHEMA PUBLIC
INSERT INTO POSTS VALUES('EVE005','rmit','rmit','S5','OPEN','House','01/05/2020',30,0,0.0E0,0.0E0,0.0E0,0.0E0,0.0E0,'Images/event.jpg')
COMMIT
INSERT INTO REPLIES VALUES('EVE005',1.0E0,'S3')
COMMIT
